----------01-15-2019 @ 07:54:48----------
Array
(
    [callback] => query_related_themes
)
Array
(
    [doing_wp_cron] => 1547546088.1085550785064697265625
)


=> file      :/var/www/html/sidneiweber/wp-content/plugins/learnpress/inc/abstracts/abstract-background-process.php
=> line      :112
=> function  :add
=> class     :LP_Debug
-----------------------------------------


----------01-15-2019 @ 06:38:16----------
Array
(
    [callback] => query_related_themes
)
Array
(
    [doing_wp_cron] => 1547541496.5482289791107177734375
)


=> file      :/var/www/html/sidneiweber/wp-content/plugins/learnpress/inc/abstracts/abstract-background-process.php
=> line      :112
=> function  :add
=> class     :LP_Debug
-----------------------------------------


----------01-15-2019 @ 05:22:39----------
Array
(
    [callback] => query_related_themes
)
Array
(
    [doing_wp_cron] => 1547536958.6506500244140625000000
)


=> file      :/var/www/html/sidneiweber/wp-content/plugins/learnpress/inc/abstracts/abstract-background-process.php
=> line      :112
=> function  :add
=> class     :LP_Debug
-----------------------------------------


----------01-15-2019 @ 04:07:01----------
Array
(
    [callback] => query_related_themes
)
Array
(
    [doing_wp_cron] => 1547532420.7579340934753417968750
)


=> file      :/var/www/html/sidneiweber/wp-content/plugins/learnpress/inc/abstracts/abstract-background-process.php
=> line      :112
=> function  :add
=> class     :LP_Debug
-----------------------------------------


----------01-15-2019 @ 02:52:22----------
Array
(
    [callback] => query_related_themes
)
Array
(
    [doing_wp_cron] => 1547527942.7656300067901611328125
)


=> file      :/var/www/html/sidneiweber/wp-content/plugins/learnpress/inc/abstracts/abstract-background-process.php
=> line      :112
=> function  :add
=> class     :LP_Debug
-----------------------------------------


----------01-15-2019 @ 01:37:00----------
Array
(
    [callback] => query_related_themes
)
Array
(
    [doing_wp_cron] => 1547523419.8083190917968750000000
)


=> file      :/var/www/html/sidneiweber/wp-content/plugins/learnpress/inc/abstracts/abstract-background-process.php
=> line      :112
=> function  :add
=> class     :LP_Debug
-----------------------------------------


----------01-15-2019 @ 00:16:30----------
Array
(
    [callback] => query_related_themes
)
Array
(
    [doing_wp_cron] => 1547518590.5271270275115966796875
)


=> file      :/var/www/html/sidneiweber/wp-content/plugins/learnpress/inc/abstracts/abstract-background-process.php
=> line      :112
=> function  :add
=> class     :LP_Debug
-----------------------------------------


----------01-14-2019 @ 22:13:16----------
Array
(
    [callback] => query_related_themes
)
Array
(
    [doing_wp_cron] => 1547511196.4790580272674560546875
)


=> file      :/var/www/html/sidneiweber/wp-content/plugins/learnpress/inc/abstracts/abstract-background-process.php
=> line      :112
=> function  :add
=> class     :LP_Debug
-----------------------------------------


----------01-14-2019 @ 21:03:32----------
Array
(
    [callback] => query_related_themes
)
Array
(
    [doing_wp_cron] => 1547507011.8032369613647460937500
)


=> file      :/var/www/html/sidneiweber/wp-content/plugins/learnpress/inc/abstracts/abstract-background-process.php
=> line      :112
=> function  :add
=> class     :LP_Debug
-----------------------------------------


----------01-14-2019 @ 19:33:32----------
Array
(
    [callback] => query_related_themes
)
Array
(
    [doing_wp_cron] => 1547501611.8104009628295898437500
)


=> file      :/var/www/html/sidneiweber/wp-content/plugins/learnpress/inc/abstracts/abstract-background-process.php
=> line      :112
=> function  :add
=> class     :LP_Debug
-----------------------------------------


----------01-14-2019 @ 18:17:10----------
Array
(
    [callback] => query_related_themes
)
Array
(
    [doing_wp_cron] => 1547497030.0662050247192382812500
)


=> file      :/var/www/html/sidneiweber/wp-content/plugins/learnpress/inc/abstracts/abstract-background-process.php
=> line      :112
=> function  :add
=> class     :LP_Debug
-----------------------------------------


----------01-14-2019 @ 17:11:30----------
Array
(
    [callback] => query_related_themes
)
Array
(
    [doing_wp_cron] => 1547493090.2179911136627197265625
)


=> file      :/var/www/html/sidneiweber/wp-content/plugins/learnpress/inc/abstracts/abstract-background-process.php
=> line      :112
=> function  :add
=> class     :LP_Debug
-----------------------------------------


----------01-14-2019 @ 16:06:56----------
Array
(
    [callback] => query_related_themes
)
Array
(
    [doing_wp_cron] => 1547489215.7997028827667236328125
)


=> file      :/var/www/html/sidneiweber/wp-content/plugins/learnpress/inc/abstracts/abstract-background-process.php
=> line      :112
=> function  :add
=> class     :LP_Debug
-----------------------------------------


----------01-14-2019 @ 15:03:33----------
Array
(
    [callback] => query_related_themes
)
Array
(
    [doing_wp_cron] => 1547485413.2899460792541503906250
)


=> file      :/var/www/html/sidneiweber/wp-content/plugins/learnpress/inc/abstracts/abstract-background-process.php
=> line      :112
=> function  :add
=> class     :LP_Debug
-----------------------------------------


----------01-14-2019 @ 13:41:42----------
Array
(
    [callback] => query_related_themes
)
Array
(
    [doing_wp_cron] => 1547480502.5889000892639160156250
)


=> file      :/var/www/html/sidneiweber/wp-content/plugins/learnpress/inc/abstracts/abstract-background-process.php
=> line      :112
=> function  :add
=> class     :LP_Debug
-----------------------------------------


----------01-14-2019 @ 12:36:15----------
Array
(
    [callback] => query_related_themes
)
Array
(
    [doing_wp_cron] => 1547476575.3217680454254150390625
)


=> file      :/var/www/html/sidneiweber/wp-content/plugins/learnpress/inc/abstracts/abstract-background-process.php
=> line      :112
=> function  :add
=> class     :LP_Debug
-----------------------------------------


----------01-14-2019 @ 11:30:48----------
Array
(
    [callback] => query_related_themes
)
Array
(
    [doing_wp_cron] => 1547472648.0593740940093994140625
)


=> file      :/var/www/html/sidneiweber/wp-content/plugins/learnpress/inc/abstracts/abstract-background-process.php
=> line      :112
=> function  :add
=> class     :LP_Debug
-----------------------------------------


----------01-14-2019 @ 10:15:58----------
Array
(
    [callback] => query_related_themes
)
Array
(
    [doing_wp_cron] => 1547468158.2057600021362304687500
)


=> file      :/var/www/html/sidneiweber/wp-content/plugins/learnpress/inc/abstracts/abstract-background-process.php
=> line      :112
=> function  :add
=> class     :LP_Debug
-----------------------------------------


----------01-14-2019 @ 08:47:10----------
Array
(
    [callback] => query_related_themes
)
Array
(
    [doing_wp_cron] => 1547462829.8466670513153076171875
)


=> file      :/var/www/html/sidneiweber/wp-content/plugins/learnpress/inc/abstracts/abstract-background-process.php
=> line      :112
=> function  :add
=> class     :LP_Debug
-----------------------------------------


----------01-14-2019 @ 07:40:51----------
Array
(
    [callback] => query_related_themes
)
Array
(
    [doing_wp_cron] => 1547458851.0599930286407470703125
)


=> file      :/var/www/html/sidneiweber/wp-content/plugins/learnpress/inc/abstracts/abstract-background-process.php
=> line      :112
=> function  :add
=> class     :LP_Debug
-----------------------------------------


----------01-14-2019 @ 06:33:50----------
Array
(
    [callback] => query_related_themes
)
Array
(
    [doing_wp_cron] => 1547454830.4090240001678466796875
)


=> file      :/var/www/html/sidneiweber/wp-content/plugins/learnpress/inc/abstracts/abstract-background-process.php
=> line      :112
=> function  :add
=> class     :LP_Debug
-----------------------------------------


----------01-14-2019 @ 05:29:23----------
Array
(
    [callback] => query_related_themes
)
Array
(
    [doing_wp_cron] => 1547450962.8410580158233642578125
)


=> file      :/var/www/html/sidneiweber/wp-content/plugins/learnpress/inc/abstracts/abstract-background-process.php
=> line      :112
=> function  :add
=> class     :LP_Debug
-----------------------------------------


----------01-14-2019 @ 03:36:16----------
Array
(
    [callback] => query_related_themes
)
Array
(
    [doing_wp_cron] => 1547444176.4659759998321533203125
)


=> file      :/var/www/html/sidneiweber/wp-content/plugins/learnpress/inc/abstracts/abstract-background-process.php
=> line      :112
=> function  :add
=> class     :LP_Debug
-----------------------------------------


----------01-14-2019 @ 02:30:48----------
Array
(
    [callback] => query_related_themes
)
Array
(
    [doing_wp_cron] => 1547440248.0563418865203857421875
)


=> file      :/var/www/html/sidneiweber/wp-content/plugins/learnpress/inc/abstracts/abstract-background-process.php
=> line      :112
=> function  :add
=> class     :LP_Debug
-----------------------------------------


----------01-14-2019 @ 01:25:21----------
Array
(
    [callback] => query_related_themes
)
Array
(
    [doing_wp_cron] => 1547436320.7704370021820068359375
)


=> file      :/var/www/html/sidneiweber/wp-content/plugins/learnpress/inc/abstracts/abstract-background-process.php
=> line      :112
=> function  :add
=> class     :LP_Debug
-----------------------------------------


----------01-13-2019 @ 23:53:15----------
Array
(
    [callback] => query_related_themes
)
Array
(
    [doing_wp_cron] => 1547430795.5584819316864013671875
)


=> file      :/var/www/html/sidneiweber/wp-content/plugins/learnpress/inc/abstracts/abstract-background-process.php
=> line      :112
=> function  :add
=> class     :LP_Debug
-----------------------------------------


----------01-13-2019 @ 22:52:24----------
Array
(
    [callback] => query_related_themes
)
Array
(
    [doing_wp_cron] => 1547427144.0362019538879394531250
)


=> file      :/var/www/html/sidneiweber/wp-content/plugins/learnpress/inc/abstracts/abstract-background-process.php
=> line      :112
=> function  :add
=> class     :LP_Debug
-----------------------------------------


----------01-13-2019 @ 21:36:15----------
Array
(
    [callback] => query_related_themes
)
Array
(
    [doing_wp_cron] => 1547422575.3133080005645751953125
)


=> file      :/var/www/html/sidneiweber/wp-content/plugins/learnpress/inc/abstracts/abstract-background-process.php
=> line      :112
=> function  :add
=> class     :LP_Debug
-----------------------------------------


----------01-13-2019 @ 20:24:40----------
Array
(
    [callback] => query_related_themes
)
Array
(
    [doing_wp_cron] => 1547418279.9303350448608398437500
)


=> file      :/var/www/html/sidneiweber/wp-content/plugins/learnpress/inc/abstracts/abstract-background-process.php
=> line      :112
=> function  :add
=> class     :LP_Debug
-----------------------------------------


----------01-13-2019 @ 19:22:59----------
Array
(
    [callback] => query_related_themes
)
Array
(
    [doing_wp_cron] => 1547414578.7983119487762451171875
)


=> file      :/var/www/html/sidneiweber/wp-content/plugins/learnpress/inc/abstracts/abstract-background-process.php
=> line      :112
=> function  :add
=> class     :LP_Debug
-----------------------------------------


----------01-13-2019 @ 18:19:53----------
Array
(
    [callback] => query_related_themes
)
Array
(
    [doing_wp_cron] => 1547410793.8222529888153076171875
)


=> file      :/var/www/html/sidneiweber/wp-content/plugins/learnpress/inc/abstracts/abstract-background-process.php
=> line      :112
=> function  :add
=> class     :LP_Debug
-----------------------------------------


----------01-13-2019 @ 17:12:06----------
Array
(
    [callback] => query_related_themes
)
Array
(
    [doing_wp_cron] => 1547406725.8147850036621093750000
)


=> file      :/var/www/html/sidneiweber/wp-content/plugins/learnpress/inc/abstracts/abstract-background-process.php
=> line      :112
=> function  :add
=> class     :LP_Debug
-----------------------------------------


----------01-13-2019 @ 16:03:31----------
Array
(
    [callback] => query_related_themes
)
Array
(
    [doing_wp_cron] => 1547402611.7904779911041259765625
)


=> file      :/var/www/html/sidneiweber/wp-content/plugins/learnpress/inc/abstracts/abstract-background-process.php
=> line      :112
=> function  :add
=> class     :LP_Debug
-----------------------------------------


----------01-13-2019 @ 14:54:57----------
Array
(
    [callback] => query_related_themes
)
Array
(
    [doing_wp_cron] => 1547398497.5059509277343750000000
)


=> file      :/var/www/html/sidneiweber/wp-content/plugins/learnpress/inc/abstracts/abstract-background-process.php
=> line      :112
=> function  :add
=> class     :LP_Debug
-----------------------------------------


----------01-13-2019 @ 13:43:27----------
Array
(
    [callback] => query_related_themes
)
Array
(
    [doing_wp_cron] => 1547394207.7094531059265136718750
)


=> file      :/var/www/html/sidneiweber/wp-content/plugins/learnpress/inc/abstracts/abstract-background-process.php
=> line      :112
=> function  :add
=> class     :LP_Debug
-----------------------------------------


----------01-13-2019 @ 12:37:42----------
Array
(
    [callback] => query_related_themes
)
Array
(
    [doing_wp_cron] => 1547390262.3004879951477050781250
)


=> file      :/var/www/html/sidneiweber/wp-content/plugins/learnpress/inc/abstracts/abstract-background-process.php
=> line      :112
=> function  :add
=> class     :LP_Debug
-----------------------------------------


----------01-13-2019 @ 11:20:40----------
Array
(
    [callback] => query_related_themes
)
Array
(
    [doing_wp_cron] => 1547385640.2975459098815917968750
)


=> file      :/var/www/html/sidneiweber/wp-content/plugins/learnpress/inc/abstracts/abstract-background-process.php
=> line      :112
=> function  :add
=> class     :LP_Debug
-----------------------------------------


----------01-13-2019 @ 10:12:06----------
Array
(
    [callback] => query_related_themes
)
Array
(
    [doing_wp_cron] => 1547381526.0952041149139404296875
)


=> file      :/var/www/html/sidneiweber/wp-content/plugins/learnpress/inc/abstracts/abstract-background-process.php
=> line      :112
=> function  :add
=> class     :LP_Debug
-----------------------------------------


----------01-13-2019 @ 09:03:31----------
Array
(
    [callback] => query_related_themes
)
Array
(
    [doing_wp_cron] => 1547377411.8147859573364257812500
)


=> file      :/var/www/html/sidneiweber/wp-content/plugins/learnpress/inc/abstracts/abstract-background-process.php
=> line      :112
=> function  :add
=> class     :LP_Debug
-----------------------------------------


----------01-13-2019 @ 07:46:23----------
Array
(
    [callback] => query_related_themes
)
Array
(
    [doing_wp_cron] => 1547372783.2401659488677978515625
)


=> file      :/var/www/html/sidneiweber/wp-content/plugins/learnpress/inc/abstracts/abstract-background-process.php
=> line      :112
=> function  :add
=> class     :LP_Debug
-----------------------------------------


----------01-13-2019 @ 06:37:49----------
Array
(
    [callback] => query_related_themes
)
Array
(
    [doing_wp_cron] => 1547368668.8240349292755126953125
)


=> file      :/var/www/html/sidneiweber/wp-content/plugins/learnpress/inc/abstracts/abstract-background-process.php
=> line      :112
=> function  :add
=> class     :LP_Debug
-----------------------------------------


----------01-13-2019 @ 05:20:40----------
Array
(
    [callback] => query_related_themes
)
Array
(
    [doing_wp_cron] => 1547364040.3112349510192871093750
)


=> file      :/var/www/html/sidneiweber/wp-content/plugins/learnpress/inc/abstracts/abstract-background-process.php
=> line      :112
=> function  :add
=> class     :LP_Debug
-----------------------------------------


----------01-13-2019 @ 04:17:19----------
Array
(
    [callback] => query_related_themes
)
Array
(
    [doing_wp_cron] => 1547360239.5945699214935302734375
)


=> file      :/var/www/html/sidneiweber/wp-content/plugins/learnpress/inc/abstracts/abstract-background-process.php
=> line      :112
=> function  :add
=> class     :LP_Debug
-----------------------------------------


----------01-13-2019 @ 02:46:37----------
Array
(
    [callback] => query_related_themes
)
Array
(
    [doing_wp_cron] => 1547354797.0572350025177001953125
)


=> file      :/var/www/html/sidneiweber/wp-content/plugins/learnpress/inc/abstracts/abstract-background-process.php
=> line      :112
=> function  :add
=> class     :LP_Debug
-----------------------------------------


----------01-13-2019 @ 01:37:49----------
Array
(
    [callback] => query_related_themes
)
Array
(
    [doing_wp_cron] => 1547350668.9890420436859130859375
)


=> file      :/var/www/html/sidneiweber/wp-content/plugins/learnpress/inc/abstracts/abstract-background-process.php
=> line      :112
=> function  :add
=> class     :LP_Debug
-----------------------------------------


----------01-13-2019 @ 00:29:15----------
Array
(
    [callback] => query_related_themes
)
Array
(
    [doing_wp_cron] => 1547346554.8297369480133056640625
)


=> file      :/var/www/html/sidneiweber/wp-content/plugins/learnpress/inc/abstracts/abstract-background-process.php
=> line      :112
=> function  :add
=> class     :LP_Debug
-----------------------------------------


----------01-12-2019 @ 23:16:05----------
Array
(
    [callback] => query_related_themes
)
Array
(
    [action] => lp_query_items
    [nonce] => d2c33714b7
    [0] => Array
        (
            [callback] => query_premium_addons
        )

)


=> file      :/var/www/html/sidneiweber/wp-content/plugins/learnpress/inc/abstracts/abstract-background-process.php
=> line      :112
=> function  :add
=> class     :LP_Debug
-----------------------------------------


----------01-12-2019 @ 23:16:05----------
Array
(
    [callback] => query_related_themes
)
Array
(
    [action] => lp_query_items
    [nonce] => d2c33714b7
    [0] => Array
        (
            [callback] => query_related_themes
        )

)


=> file      :/var/www/html/sidneiweber/wp-content/plugins/learnpress/inc/abstracts/abstract-background-process.php
=> line      :112
=> function  :add
=> class     :LP_Debug
-----------------------------------------


----------01-12-2019 @ 23:16:03----------
Array
(
    [callback] => query_premium_addons
)
Array
(
    [action] => lp_query_items
    [nonce] => d2c33714b7
    [0] => Array
        (
            [callback] => query_premium_addons
        )

)


=> file      :/var/www/html/sidneiweber/wp-content/plugins/learnpress/inc/abstracts/abstract-background-process.php
=> line      :112
=> function  :add
=> class     :LP_Debug
-----------------------------------------


----------01-12-2019 @ 23:16:03----------
Array
(
    [callback] => query_premium_addons
)
Array
(
    [action] => lp_query_items
    [nonce] => d2c33714b7
    [0] => Array
        (
            [callback] => query_related_themes
        )

)


=> file      :/var/www/html/sidneiweber/wp-content/plugins/learnpress/inc/abstracts/abstract-background-process.php
=> line      :112
=> function  :add
=> class     :LP_Debug
-----------------------------------------


----------01-12-2019 @ 23:16:03----------
Array
(
    [callback] => query_free_addons
)
Array
(
    [action] => lp_query_items
    [nonce] => d2c33714b7
    [0] => Array
        (
            [callback] => query_related_themes
        )

)


=> file      :/var/www/html/sidneiweber/wp-content/plugins/learnpress/inc/abstracts/abstract-background-process.php
=> line      :112
=> function  :add
=> class     :LP_Debug
-----------------------------------------


----------01-12-2019 @ 23:16:03----------
Array
(
    [callback] => query_free_addons
)
Array
(
    [action] => lp_query_items
    [nonce] => d2c33714b7
    [0] => Array
        (
            [callback] => query_premium_addons
        )

)


=> file      :/var/www/html/sidneiweber/wp-content/plugins/learnpress/inc/abstracts/abstract-background-process.php
=> line      :112
=> function  :add
=> class     :LP_Debug
-----------------------------------------


----------01-11-2019 @ 13:25:24----------
Array
(
    [callback] => query_related_themes
)
Array
(
    [action] => lp_query_items
    [nonce] => 586b8f0664
    [0] => Array
        (
            [callback] => query_premium_addons
        )

)


=> file      :/var/www/html/sidneiweber/wp-content/plugins/learnpress/inc/abstracts/abstract-background-process.php
=> line      :112
=> function  :add
=> class     :LP_Debug
-----------------------------------------


----------01-11-2019 @ 13:25:24----------
Array
(
    [callback] => query_related_themes
)
Array
(
    [action] => lp_query_items
    [nonce] => 586b8f0664
    [0] => Array
        (
            [callback] => query_free_addons
        )

)


=> file      :/var/www/html/sidneiweber/wp-content/plugins/learnpress/inc/abstracts/abstract-background-process.php
=> line      :112
=> function  :add
=> class     :LP_Debug
-----------------------------------------


----------01-11-2019 @ 13:25:24----------
Array
(
    [callback] => query_related_themes
)
Array
(
    [action] => lp_query_items
    [nonce] => 586b8f0664
    [0] => Array
        (
            [callback] => query_related_themes
        )

)


=> file      :/var/www/html/sidneiweber/wp-content/plugins/learnpress/inc/abstracts/abstract-background-process.php
=> line      :112
=> function  :add
=> class     :LP_Debug
-----------------------------------------


----------01-11-2019 @ 13:25:23----------
Array
(
    [callback] => query_premium_addons
)
Array
(
    [action] => lp_query_items
    [nonce] => 586b8f0664
    [0] => Array
        (
            [callback] => query_premium_addons
        )

)


=> file      :/var/www/html/sidneiweber/wp-content/plugins/learnpress/inc/abstracts/abstract-background-process.php
=> line      :112
=> function  :add
=> class     :LP_Debug
-----------------------------------------


----------01-11-2019 @ 13:25:23----------
Array
(
    [callback] => query_premium_addons
)
Array
(
    [action] => lp_query_items
    [nonce] => 586b8f0664
    [0] => Array
        (
            [callback] => query_free_addons
        )

)


=> file      :/var/www/html/sidneiweber/wp-content/plugins/learnpress/inc/abstracts/abstract-background-process.php
=> line      :112
=> function  :add
=> class     :LP_Debug
-----------------------------------------


----------01-11-2019 @ 13:25:23----------
Array
(
    [callback] => query_premium_addons
)
Array
(
    [action] => lp_query_items
    [nonce] => 586b8f0664
    [0] => Array
        (
            [callback] => query_related_themes
        )

)


=> file      :/var/www/html/sidneiweber/wp-content/plugins/learnpress/inc/abstracts/abstract-background-process.php
=> line      :112
=> function  :add
=> class     :LP_Debug
-----------------------------------------


